[36m--[0m Using CATKIN_DEVEL_PREFIX: /home/cvl/ros_whill_ws/devel/.private/playback_manager
[36m--[0m Using CMAKE_PREFIX_PATH: /home/cvl/ros_whill_ws/devel;/home/cvl/catkin_ws2/devel;/opt/ros/noetic
[36m--[0m This workspace overlays: /home/cvl/ros_whill_ws/devel;/home/cvl/catkin_ws2/devel;/opt/ros/noetic
[36m--[0m Found PythonInterp: /usr/bin/python3 (found suitable version "3.8.10", minimum required is "3")
[36m--[0m Using PYTHON_EXECUTABLE: /usr/bin/python3
[36m--[0m Using Debian Python package layout
[36m--[0m Using empy: /usr/lib/python3/dist-packages/em.py
[36m--[0m Using CATKIN_ENABLE_TESTING: ON
[36m--[0m Call enable_testing()
[36m--[0m Using CATKIN_TEST_RESULTS_DIR: /home/cvl/ros_whill_ws/build/playback_manager/test_results
[36m--[0m Forcing gtest/gmock from source, though one was otherwise available.
[36m--[0m Found gtest sources under '/usr/src/googletest': gtests will be built
[36m--[0m Found gmock sources under '/usr/src/googletest': gmock will be built
[36m--[0m Found PythonInterp: /usr/bin/python3 (found version "3.8.10")
[36m--[0m Using Python nosetests: /usr/bin/nosetests3
[36m--[0m catkin 0.8.10
[36m--[0m BUILD_SHARED_LIBS is on
[36m--[0m Using these message generators: gencpp;geneus;genlisp;gennodejs;genpy
[36m--[0m Installing devel-space wrapper /home/cvl/ros_whill_ws/src/playback_manager/src/whill_rotate_180.py to /home/cvl/ros_whill_ws/devel/.private/playback_manager/lib/playback_manager
[36m--[0m Installing devel-space wrapper /home/cvl/ros_whill_ws/src/playback_manager/src/playback_encoder_publisher.py to /home/cvl/ros_whill_ws/devel/.private/playback_manager/lib/playback_manager
[36m--[0m Configuring done
[36m--[0m Generating done
[36m--[0m Build files have been written to: /home/cvl/ros_whill_ws/build/playback_manager
