[  0%] Built target uuid_msgs_generate_messages_nodejs
[  0%] Built target std_msgs_generate_messages_nodejs
[  0%] Built target geographic_msgs_generate_messages_py
[  0%] Built target std_msgs_generate_messages_lisp
[  0%] Built target std_msgs_generate_messages_cpp
[ 20%] Built target lib_whill
[ 20%] Built target uuid_msgs_generate_messages_py
[ 20%] Built target uuid_msgs_generate_messages_lisp
[ 20%] Built target std_msgs_generate_messages_py
[ 20%] Built target geographic_msgs_generate_messages_nodejs
[ 20%] Built target tf_generate_messages_eus
[ 20%] Built target std_msgs_generate_messages_eus
[ 20%] Built target tf_generate_messages_nodejs
[ 20%] Built target geometry_msgs_generate_messages_eus
[ 20%] Built target geometry_msgs_generate_messages_lisp
[ 20%] Built target actionlib_generate_messages_cpp
[ 20%] Built target rosgraph_msgs_generate_messages_lisp
[ 20%] Built target tf_generate_messages_cpp
[ 20%] Built target tf2_msgs_generate_messages_cpp
[ 20%] Built target _ros_whill_generate_messages_check_deps_SetSpeedProfile
[ 20%] Built target _ros_whill_generate_messages_check_deps_SpeedPack
[ 20%] Built target actionlib_msgs_generate_messages_eus
[ 20%] Built target actionlib_generate_messages_lisp
[ 20%] Built target roscpp_generate_messages_lisp
[ 20%] Built target roscpp_generate_messages_py
[ 20%] Built target _catkin_empty_exported_target
[ 20%] Built target roscpp_generate_messages_cpp
[ 20%] Built target uuid_msgs_generate_messages_cpp
[ 20%] Built target uuid_msgs_generate_messages_eus
[ 20%] Built target rosgraph_msgs_generate_messages_py
[ 20%] Built target tf_generate_messages_lisp
[ 20%] Built target roscpp_generate_messages_eus
[ 20%] Built target geometry_msgs_generate_messages_cpp
[ 20%] Built target actionlib_msgs_generate_messages_py
[ 20%] Built target mavros_msgs_generate_messages_lisp
[ 20%] Built target geometry_msgs_generate_messages_py
[ 20%] Built target geometry_msgs_generate_messages_nodejs
[ 20%] Built target tf2_msgs_generate_messages_eus
[ 20%] Built target roscpp_generate_messages_nodejs
[ 20%] Built target mavros_msgs_generate_messages_py
[ 20%] Built target sensor_msgs_generate_messages_py
[ 20%] Built target rosgraph_msgs_generate_messages_eus
[ 20%] Built target sensor_msgs_generate_messages_lisp
[ 20%] Built target sensor_msgs_generate_messages_eus
[ 20%] Built target sensor_msgs_generate_messages_cpp
[ 20%] Built target geographic_msgs_generate_messages_lisp
[ 20%] Built target sensor_msgs_generate_messages_nodejs
[ 20%] Built target actionlib_msgs_generate_messages_cpp
[ 20%] Built target actionlib_generate_messages_eus
[ 20%] Built target tf2_msgs_generate_messages_py
[ 20%] Built target actionlib_generate_messages_nodejs
[ 20%] Built target mavros_msgs_generate_messages_cpp
[ 20%] Built target rosgraph_msgs_generate_messages_cpp
[ 20%] Built target actionlib_msgs_generate_messages_nodejs
[ 20%] Built target actionlib_generate_messages_py
[ 20%] Built target tf_generate_messages_py
[ 20%] Built target tf2_msgs_generate_messages_lisp
[ 20%] Built target actionlib_msgs_generate_messages_lisp
[ 20%] Built target mavros_msgs_generate_messages_eus
[ 20%] Built target tf2_msgs_generate_messages_nodejs
[ 20%] Built target rosgraph_msgs_generate_messages_nodejs
[ 20%] Built target geographic_msgs_generate_messages_cpp
[ 20%] Built target geographic_msgs_generate_messages_eus
[ 20%] Built target mavros_msgs_generate_messages_nodejs
[ 31%] Built target ros_whill_generate_messages_nodejs
[ 31%] Built target ros_whill_generate_messages_cpp
[ 37%] Built target ros_whill_generate_messages_lisp
[ 48%] Built target ros_whill_generate_messages_py
[ 57%] Built target ros_whill_generate_messages_eus
[35m[1mScanning dependencies of target ros_whill_gps_subscriber[0m
[ 57%] Built target ros_whill_generate_messages
[ 62%] Built target ros_whill_odom_subscriber
[ 77%] Built target ros_whill
[ 80%] [32mBuilding CXX object CMakeFiles/ros_whill_gps_subscriber.dir/src/whill_gps_subscriber.cpp.o[0m
[ 85%] Built target ros_whill_inved_joy_publisher
[ 97%] Built target ros_whill_encoder_subscriber
[ 97%] Built target ros_whill_joy_subscriber
[01m[K/home/cvl/ros_whill_ws/src/ros_whill/src/whill_gps_subscriber.cpp:[m[K In function ‘[01m[Kvoid hdgCallback(const ConstPtr&, std::ofstream&)[m[K’:
[01m[K/home/cvl/ros_whill_ws/src/ros_whill/src/whill_gps_subscriber.cpp:17:21:[m[K [01;31m[Kerror: [m[K‘[01m[Kconst ConstPtr[m[K’ {aka ‘[01m[Kconst class boost::shared_ptr<const std_msgs::Float64_<std::allocator<void> > >[m[K’} has no member named ‘[01m[Kdata[m[K’
   17 |     hdg_file << msg.[01;31m[Kdata[m[K << std::endl;
      |                     [01;31m[K^~~~[m[K
make[2]: *** [CMakeFiles/ros_whill_gps_subscriber.dir/build.make:63: CMakeFiles/ros_whill_gps_subscriber.dir/src/whill_gps_subscriber.cpp.o] エラー 1
make[1]: *** [CMakeFiles/Makefile2:498: CMakeFiles/ros_whill_gps_subscriber.dir/all] エラー 2
make: *** [Makefile:141: all] エラー 2
