[01m[K/home/cvl/ros_whill_ws/src/ros_whill/src/whill_gps_subscriber.cpp:[m[K In function ‘[01m[Kvoid hdgCallback(const ConstPtr&, std::ofstream&)[m[K’:
[01m[K/home/cvl/ros_whill_ws/src/ros_whill/src/whill_gps_subscriber.cpp:17:22:[m[K [01;31m[Kerror: [m[K‘[01m[Kconst struct std_msgs::Float64_<std::allocator<void> >[m[K’ has no member named ‘[01m[Kheader[m[K’
   17 |     hdg_file << msg->[01;31m[Kheader[m[K.stamp << "," << msg->angular_velocity.x << "," << msg->angular_velocity.y << "," << msg->angular_velocity.z << ","
      |                      [01;31m[K^~~~~~[m[K
[01m[K/home/cvl/ros_whill_ws/src/ros_whill/src/whill_gps_subscriber.cpp:17:50:[m[K [01;31m[Kerror: [m[K‘[01m[Kconst struct std_msgs::Float64_<std::allocator<void> >[m[K’ has no member named ‘[01m[Kangular_velocity[m[K’
   17 |     hdg_file << msg->header.stamp << "," << msg->[01;31m[Kangular_velocity[m[K.x << "," << msg->angular_velocity.y << "," << msg->angular_velocity.z << ","
      |                                                  [01;31m[K^~~~~~~~~~~~~~~~[m[K
[01m[K/home/cvl/ros_whill_ws/src/ros_whill/src/whill_gps_subscriber.cpp:17:84:[m[K [01;31m[Kerror: [m[K‘[01m[Kconst struct std_msgs::Float64_<std::allocator<void> >[m[K’ has no member named ‘[01m[Kangular_velocity[m[K’
   17 |     hdg_file << msg->header.stamp << "," << msg->angular_velocity.x << "," << msg->[01;31m[Kangular_velocity[m[K.y << "," << msg->angular_velocity.z << ","
      |                                                                                    [01;31m[K^~~~~~~~~~~~~~~~[m[K
[01m[K/home/cvl/ros_whill_ws/src/ros_whill/src/whill_gps_subscriber.cpp:17:118:[m[K [01;31m[Kerror: [m[K‘[01m[Kconst struct std_msgs::Float64_<std::allocator<void> >[m[K’ has no member named ‘[01m[Kangular_velocity[m[K’
   17 |     hdg_file << msg->header.stamp << "," << msg->angular_velocity.x << "," << msg->angular_velocity.y << "," << msg->[01;31m[Kangular_velocity[m[K.z << ","
      |                                                                                                                      [01;31m[K^~~~~~~~~~~~~~~~[m[K
[01m[K/home/cvl/ros_whill_ws/src/ros_whill/src/whill_gps_subscriber.cpp:18:22:[m[K [01;31m[Kerror: [m[K‘[01m[Kconst struct std_msgs::Float64_<std::allocator<void> >[m[K’ has no member named ‘[01m[Klinear_acceleration[m[K’
   18 |              << msg->[01;31m[Klinear_acceleration[m[K.x << "," << msg->linear_acceleration.y << "," << msg->linear_acceleration.z << std::endl;
      |                      [01;31m[K^~~~~~~~~~~~~~~~~~~[m[K
[01m[K/home/cvl/ros_whill_ws/src/ros_whill/src/whill_gps_subscriber.cpp:18:59:[m[K [01;31m[Kerror: [m[K‘[01m[Kconst struct std_msgs::Float64_<std::allocator<void> >[m[K’ has no member named ‘[01m[Klinear_acceleration[m[K’
   18 |              << msg->linear_acceleration.x << "," << msg->[01;31m[Klinear_acceleration[m[K.y << "," << msg->linear_acceleration.z << std::endl;
      |                                                           [01;31m[K^~~~~~~~~~~~~~~~~~~[m[K
[01m[K/home/cvl/ros_whill_ws/src/ros_whill/src/whill_gps_subscriber.cpp:18:96:[m[K [01;31m[Kerror: [m[K‘[01m[Kconst struct std_msgs::Float64_<std::allocator<void> >[m[K’ has no member named ‘[01m[Klinear_acceleration[m[K’
   18 |              << msg->linear_acceleration.x << "," << msg->linear_acceleration.y << "," << msg->[01;31m[Klinear_acceleration[m[K.z << std::endl;
      |                                                                                                [01;31m[K^~~~~~~~~~~~~~~~~~~[m[K
make[2]: *** [CMakeFiles/ros_whill_gps_subscriber.dir/build.make:63: CMakeFiles/ros_whill_gps_subscriber.dir/src/whill_gps_subscriber.cpp.o] エラー 1
make[1]: *** [CMakeFiles/Makefile2:498: CMakeFiles/ros_whill_gps_subscriber.dir/all] エラー 2
make: *** [Makefile:141: all] エラー 2
