[  2%] Built target uuid_msgs_generate_messages_py
[  2%] Built target std_msgs_generate_messages_cpp
[  2%] Built target std_msgs_generate_messages_nodejs
[  2%] Built target geographic_msgs_generate_messages_nodejs
[  5%] Built target uuid_msgs_generate_messages_lisp
[  2%] Built target std_msgs_generate_messages_lisp
[  2%] Built target uuid_msgs_generate_messages_nodejs
[  5%] Built target std_msgs_generate_messages_py
[ 20%] Built target lib_whill
[ 20%] Built target geographic_msgs_generate_messages_py
[ 20%] Built target tf_generate_messages_nodejs
[ 20%] Built target std_msgs_generate_messages_eus
[ 20%] Built target tf2_msgs_generate_messages_cpp
[ 20%] Built target geometry_msgs_generate_messages_lisp
[ 20%] Built target tf_generate_messages_cpp
[ 20%] Built target actionlib_generate_messages_cpp
[ 20%] Built target tf_generate_messages_eus
[ 20%] Built target geometry_msgs_generate_messages_eus
[ 20%] Built target rosgraph_msgs_generate_messages_lisp
[ 20%] Built target actionlib_msgs_generate_messages_eus
[ 20%] Built target _ros_whill_generate_messages_check_deps_SpeedPack
[ 20%] Built target _ros_whill_generate_messages_check_deps_SetSpeedProfile
[ 20%] Built target _catkin_empty_exported_target
[ 20%] Built target rosgraph_msgs_generate_messages_py
[ 20%] Built target roscpp_generate_messages_lisp
[ 20%] Built target actionlib_generate_messages_lisp
[ 20%] Built target roscpp_generate_messages_cpp
[ 20%] Built target roscpp_generate_messages_py
[ 20%] Built target uuid_msgs_generate_messages_eus
[ 20%] Built target uuid_msgs_generate_messages_cpp
[ 20%] Built target tf_generate_messages_lisp
[ 20%] Built target geometry_msgs_generate_messages_cpp
[ 20%] Built target roscpp_generate_messages_eus
[ 20%] Built target actionlib_msgs_generate_messages_py
[ 20%] Built target mavros_msgs_generate_messages_py
[ 20%] Built target geometry_msgs_generate_messages_py
[ 20%] Built target mavros_msgs_generate_messages_lisp
[ 20%] Built target roscpp_generate_messages_nodejs
[ 20%] Built target sensor_msgs_generate_messages_py
[ 20%] Built target tf2_msgs_generate_messages_eus
[ 20%] Built target geometry_msgs_generate_messages_nodejs
[ 20%] Built target rosgraph_msgs_generate_messages_eus
[ 20%] Built target sensor_msgs_generate_messages_cpp
[ 20%] Built target sensor_msgs_generate_messages_eus
[ 20%] Built target geographic_msgs_generate_messages_lisp
[ 20%] Built target sensor_msgs_generate_messages_lisp
[ 20%] Built target actionlib_generate_messages_nodejs
[ 20%] Built target tf2_msgs_generate_messages_py
[ 20%] Built target actionlib_generate_messages_eus
[ 20%] Built target rosgraph_msgs_generate_messages_cpp
[ 20%] Built target actionlib_msgs_generate_messages_cpp
[ 20%] Built target mavros_msgs_generate_messages_cpp
[ 20%] Built target sensor_msgs_generate_messages_nodejs
[ 20%] Built target actionlib_generate_messages_py
[ 20%] Built target tf_generate_messages_py
[ 20%] Built target actionlib_msgs_generate_messages_nodejs
[ 20%] Built target actionlib_msgs_generate_messages_lisp
[ 20%] Built target tf2_msgs_generate_messages_lisp
[ 20%] Built target rosgraph_msgs_generate_messages_nodejs
[ 20%] Built target geographic_msgs_generate_messages_eus
[ 20%] Built target geographic_msgs_generate_messages_cpp
[ 20%] Built target tf2_msgs_generate_messages_nodejs
[ 20%] Built target mavros_msgs_generate_messages_nodejs
[ 20%] Built target mavros_msgs_generate_messages_eus
[ 37%] Built target ros_whill_generate_messages_cpp
[ 37%] Built target ros_whill_generate_messages_lisp
[ 42%] Built target ros_whill_generate_messages_py
[ 51%] Built target ros_whill_generate_messages_eus
[ 57%] Built target ros_whill_generate_messages_nodejs
[35m[1mScanning dependencies of target ros_whill_gps_subscriber[0m
[ 57%] Built target ros_whill_generate_messages
[ 62%] Built target ros_whill_inved_joy_publisher
[ 68%] Built target ros_whill_encoder_subscriber
[ 74%] Built target ros_whill_odom_subscriber
[ 80%] Built target ros_whill_joy_subscriber
[ 94%] Built target ros_whill
[ 97%] [32mBuilding CXX object CMakeFiles/ros_whill_gps_subscriber.dir/src/whill_gps_subscriber.cpp.o[0m
[01m[K/home/cvl/ros_whill_ws/src/ros_whill/src/whill_gps_subscriber.cpp:[m[K In function ‘[01m[Kvoid hdgCallback(const ConstPtr&, std::ofstream&)[m[K’:
[01m[K/home/cvl/ros_whill_ws/src/ros_whill/src/whill_gps_subscriber.cpp:17:22:[m[K [01;31m[Kerror: [m[K‘[01m[Kconst struct std_msgs::Float64_<std::allocator<void> >[m[K’ has no member named ‘[01m[Kheader[m[K’
   17 |     hdg_file << msg->[01;31m[Kheader[m[K.stamp << "," << msg->angular_velocity.x << "," << msg->angular_velocity.y << "," << msg->angular_velocity.z << ","
      |                      [01;31m[K^~~~~~[m[K
[01m[K/home/cvl/ros_whill_ws/src/ros_whill/src/whill_gps_subscriber.cpp:17:50:[m[K [01;31m[Kerror: [m[K‘[01m[Kconst struct std_msgs::Float64_<std::allocator<void> >[m[K’ has no member named ‘[01m[Kangular_velocity[m[K’
   17 |     hdg_file << msg->header.stamp << "," << msg->[01;31m[Kangular_velocity[m[K.x << "," << msg->angular_velocity.y << "," << msg->angular_velocity.z << ","
      |                                                  [01;31m[K^~~~~~~~~~~~~~~~[m[K
[01m[K/home/cvl/ros_whill_ws/src/ros_whill/src/whill_gps_subscriber.cpp:17:84:[m[K [01;31m[Kerror: [m[K‘[01m[Kconst struct std_msgs::Float64_<std::allocator<void> >[m[K’ has no member named ‘[01m[Kangular_velocity[m[K’
   17 |     hdg_file << msg->header.stamp << "," << msg->angular_velocity.x << "," << msg->[01;31m[Kangular_velocity[m[K.y << "," << msg->angular_velocity.z << ","
      |                                                                                    [01;31m[K^~~~~~~~~~~~~~~~[m[K
[01m[K/home/cvl/ros_whill_ws/src/ros_whill/src/whill_gps_subscriber.cpp:17:118:[m[K [01;31m[Kerror: [m[K‘[01m[Kconst struct std_msgs::Float64_<std::allocator<void> >[m[K’ has no member named ‘[01m[Kangular_velocity[m[K’
   17 |     hdg_file << msg->header.stamp << "," << msg->angular_velocity.x << "," << msg->angular_velocity.y << "," << msg->[01;31m[Kangular_velocity[m[K.z << ","
      |                                                                                                                      [01;31m[K^~~~~~~~~~~~~~~~[m[K
[01m[K/home/cvl/ros_whill_ws/src/ros_whill/src/whill_gps_subscriber.cpp:18:22:[m[K [01;31m[Kerror: [m[K‘[01m[Kconst struct std_msgs::Float64_<std::allocator<void> >[m[K’ has no member named ‘[01m[Klinear_acceleration[m[K’
   18 |              << msg->[01;31m[Klinear_acceleration[m[K.x << "," << msg->linear_acceleration.y << "," << msg->linear_acceleration.z << std::endl;
      |                      [01;31m[K^~~~~~~~~~~~~~~~~~~[m[K
[01m[K/home/cvl/ros_whill_ws/src/ros_whill/src/whill_gps_subscriber.cpp:18:59:[m[K [01;31m[Kerror: [m[K‘[01m[Kconst struct std_msgs::Float64_<std::allocator<void> >[m[K’ has no member named ‘[01m[Klinear_acceleration[m[K’
   18 |              << msg->linear_acceleration.x << "," << msg->[01;31m[Klinear_acceleration[m[K.y << "," << msg->linear_acceleration.z << std::endl;
      |                                                           [01;31m[K^~~~~~~~~~~~~~~~~~~[m[K
[01m[K/home/cvl/ros_whill_ws/src/ros_whill/src/whill_gps_subscriber.cpp:18:96:[m[K [01;31m[Kerror: [m[K‘[01m[Kconst struct std_msgs::Float64_<std::allocator<void> >[m[K’ has no member named ‘[01m[Klinear_acceleration[m[K’
   18 |              << msg->linear_acceleration.x << "," << msg->linear_acceleration.y << "," << msg->[01;31m[Klinear_acceleration[m[K.z << std::endl;
      |                                                                                                [01;31m[K^~~~~~~~~~~~~~~~~~~[m[K
make[2]: *** [CMakeFiles/ros_whill_gps_subscriber.dir/build.make:63: CMakeFiles/ros_whill_gps_subscriber.dir/src/whill_gps_subscriber.cpp.o] エラー 1
make[1]: *** [CMakeFiles/Makefile2:498: CMakeFiles/ros_whill_gps_subscriber.dir/all] エラー 2
make: *** [Makefile:141: all] エラー 2
