[  0%] Built target std_msgs_generate_messages_nodejs
[  0%] Built target uuid_msgs_generate_messages_py
[  0%] Built target geographic_msgs_generate_messages_py
[  0%] Built target std_msgs_generate_messages_lisp
[ 20%] Built target lib_whill
[ 20%] Built target std_msgs_generate_messages_cpp
[ 20%] Built target uuid_msgs_generate_messages_lisp
[ 20%] Built target std_msgs_generate_messages_py
[ 20%] Built target uuid_msgs_generate_messages_nodejs
[ 20%] Built target tf_generate_messages_nodejs
[ 20%] Built target geometry_msgs_generate_messages_eus
[ 20%] Built target std_msgs_generate_messages_eus
[ 20%] Built target geographic_msgs_generate_messages_nodejs
[ 20%] Built target tf2_msgs_generate_messages_cpp
[ 20%] Built target actionlib_generate_messages_cpp
[ 20%] Built target geometry_msgs_generate_messages_lisp
[ 20%] Built target tf_generate_messages_cpp
[ 20%] Built target tf_generate_messages_eus
[ 20%] Built target _ros_whill_generate_messages_check_deps_SpeedPack
[ 20%] Built target _ros_whill_generate_messages_check_deps_SetSpeedProfile
[ 20%] Built target rosgraph_msgs_generate_messages_lisp
[ 20%] Built target roscpp_generate_messages_lisp
[ 20%] Built target actionlib_msgs_generate_messages_eus
[ 20%] Built target rosgraph_msgs_generate_messages_py
[ 20%] Built target _catkin_empty_exported_target
[ 20%] Built target roscpp_generate_messages_py
[ 20%] Built target actionlib_generate_messages_lisp
[ 20%] Built target roscpp_generate_messages_cpp
[ 20%] Built target uuid_msgs_generate_messages_cpp
[ 20%] Built target uuid_msgs_generate_messages_eus
[ 20%] Built target roscpp_generate_messages_eus
[ 20%] Built target geometry_msgs_generate_messages_cpp
[ 20%] Built target actionlib_msgs_generate_messages_py
[ 20%] Built target tf_generate_messages_lisp
[ 20%] Built target roscpp_generate_messages_nodejs
[ 20%] Built target tf2_msgs_generate_messages_eus
[ 20%] Built target mavros_msgs_generate_messages_py
[ 20%] Built target mavros_msgs_generate_messages_lisp
[ 20%] Built target geometry_msgs_generate_messages_nodejs
[ 20%] Built target sensor_msgs_generate_messages_py
[ 20%] Built target sensor_msgs_generate_messages_cpp
[ 20%] Built target geometry_msgs_generate_messages_py
[ 20%] Built target rosgraph_msgs_generate_messages_eus
[ 20%] Built target sensor_msgs_generate_messages_eus
[ 20%] Built target rosgraph_msgs_generate_messages_cpp
[ 20%] Built target actionlib_generate_messages_eus
[ 20%] Built target actionlib_msgs_generate_messages_cpp
[ 20%] Built target sensor_msgs_generate_messages_nodejs
[ 20%] Built target tf2_msgs_generate_messages_py
[ 20%] Built target actionlib_generate_messages_nodejs
[ 20%] Built target geographic_msgs_generate_messages_lisp
[ 20%] Built target sensor_msgs_generate_messages_lisp
[ 20%] Built target mavros_msgs_generate_messages_cpp
[ 20%] Built target actionlib_msgs_generate_messages_lisp
[ 20%] Built target mavros_msgs_generate_messages_nodejs
[ 20%] Built target actionlib_generate_messages_py
[ 20%] Built target geographic_msgs_generate_messages_eus
[ 20%] Built target actionlib_msgs_generate_messages_nodejs
[ 20%] Built target tf2_msgs_generate_messages_lisp
[ 20%] Built target tf_generate_messages_py
[ 20%] Built target geographic_msgs_generate_messages_cpp
[ 20%] Built target rosgraph_msgs_generate_messages_nodejs
[ 20%] Built target mavros_msgs_generate_messages_eus
[ 20%] Built target tf2_msgs_generate_messages_nodejs
[ 48%] Built target ros_whill_generate_messages_cpp
[ 48%] Built target ros_whill_generate_messages_py
[ 48%] Built target ros_whill_generate_messages_lisp
[ 48%] Built target ros_whill_generate_messages_nodejs
[ 57%] Built target ros_whill_generate_messages_eus
[ 57%] Built target ros_whill_generate_messages
[ 68%] Built target ros_whill_imu_gps_subscriber
[ 68%] Built target ros_whill_encoder_subscriber
[ 74%] Built target ros_whill_joy_subscriber
[ 80%] Built target ros_whill_odom_subscriber
[ 85%] Built target ros_whill_inved_joy_publisher
[100%] Built target ros_whill
