[  0%] Built target uuid_msgs_generate_messages_lisp
[  0%] Built target std_msgs_generate_messages_nodejs
[  0%] Built target std_msgs_generate_messages_lisp
[  0%] Built target uuid_msgs_generate_messages_py
[  0%] Built target uuid_msgs_generate_messages_nodejs
[  0%] Built target geographic_msgs_generate_messages_py
[  0%] Built target std_msgs_generate_messages_py
[  0%] Built target geographic_msgs_generate_messages_nodejs
[  2%] Built target std_msgs_generate_messages_cpp
[ 20%] Built target lib_whill
[ 20%] Built target actionlib_generate_messages_cpp
[ 20%] Built target tf_generate_messages_nodejs
[ 20%] Built target geometry_msgs_generate_messages_eus
[ 20%] Built target geometry_msgs_generate_messages_lisp
[ 20%] Built target std_msgs_generate_messages_eus
[ 20%] Built target tf2_msgs_generate_messages_cpp
[ 20%] Built target rosgraph_msgs_generate_messages_lisp
[ 20%] Built target tf_generate_messages_cpp
[ 20%] Built target tf_generate_messages_eus
[ 20%] Built target actionlib_msgs_generate_messages_eus
[ 20%] Built target _ros_whill_generate_messages_check_deps_SpeedPack
[ 20%] Built target _ros_whill_generate_messages_check_deps_SetSpeedProfile
[ 20%] Built target roscpp_generate_messages_lisp
[ 20%] Built target roscpp_generate_messages_cpp
[ 20%] Built target actionlib_generate_messages_lisp
[ 20%] Built target rosgraph_msgs_generate_messages_py
[ 20%] Built target _catkin_empty_exported_target
[ 20%] Built target roscpp_generate_messages_py
[ 20%] Built target uuid_msgs_generate_messages_cpp
[ 20%] Built target uuid_msgs_generate_messages_eus
[ 20%] Built target geometry_msgs_generate_messages_cpp
[ 20%] Built target roscpp_generate_messages_eus
[ 20%] Built target tf_generate_messages_lisp
[ 20%] Built target actionlib_msgs_generate_messages_py
[ 20%] Built target mavros_msgs_generate_messages_lisp
[ 20%] Built target mavros_msgs_generate_messages_py
[ 20%] Built target geometry_msgs_generate_messages_py
[ 20%] Built target geometry_msgs_generate_messages_nodejs
[ 20%] Built target tf2_msgs_generate_messages_eus
[ 20%] Built target rosgraph_msgs_generate_messages_eus
[ 20%] Built target sensor_msgs_generate_messages_py
[ 20%] Built target geographic_msgs_generate_messages_lisp
[ 20%] Built target roscpp_generate_messages_nodejs
[ 20%] Built target sensor_msgs_generate_messages_cpp
[ 20%] Built target sensor_msgs_generate_messages_eus
[ 20%] Built target rosgraph_msgs_generate_messages_cpp
[ 20%] Built target sensor_msgs_generate_messages_nodejs
[ 20%] Built target sensor_msgs_generate_messages_lisp
[ 20%] Built target actionlib_generate_messages_eus
[ 20%] Built target actionlib_generate_messages_nodejs
[ 20%] Built target actionlib_msgs_generate_messages_cpp
[ 20%] Built target actionlib_generate_messages_py
[ 20%] Built target tf2_msgs_generate_messages_py
[ 20%] Built target tf_generate_messages_py
[ 20%] Built target mavros_msgs_generate_messages_cpp
[ 20%] Built target actionlib_msgs_generate_messages_nodejs
[ 20%] Built target actionlib_msgs_generate_messages_lisp
[ 20%] Built target tf2_msgs_generate_messages_lisp
[ 20%] Built target tf2_msgs_generate_messages_nodejs
[ 20%] Built target mavros_msgs_generate_messages_eus
[ 20%] Built target mavros_msgs_generate_messages_nodejs
[ 20%] Built target rosgraph_msgs_generate_messages_nodejs
[ 20%] Built target geographic_msgs_generate_messages_cpp
[ 25%] Built target ros_whill_generate_messages_nodejs
[ 37%] Built target ros_whill_generate_messages_py
[ 37%] Built target geographic_msgs_generate_messages_eus
[ 42%] Built target ros_whill_generate_messages_lisp
[ 48%] Built target ros_whill_generate_messages_cpp
[ 57%] Built target ros_whill_generate_messages_eus
[35m[1mScanning dependencies of target ros_whill_gps_subscriber[0m
[ 57%] Built target ros_whill_generate_messages
[ 62%] Built target ros_whill_encoder_subscriber
[ 68%] Built target ros_whill_joy_subscriber
[ 74%] [32mBuilding CXX object CMakeFiles/ros_whill_gps_subscriber.dir/src/whill_gps_subscriber.cpp.o[0m
[ 77%] Built target ros_whill_inved_joy_publisher
[ 91%] Built target ros_whill
[ 97%] Built target ros_whill_odom_subscriber
[100%] [32m[1mLinking CXX executable /home/cvl/ros_whill_ws/devel/.private/ros_whill/lib/ros_whill/ros_whill_gps_subscriber[0m
[100%] Built target ros_whill_gps_subscriber
