Linked: (/home/cvl/ros_whill_ws/devel/.private/ros_whill/include/ros_whill/SpeedPack.h, /home/cvl/ros_whill_ws/devel/include/ros_whill/SpeedPack.h)
Linked: (/home/cvl/ros_whill_ws/devel/.private/ros_whill/include/ros_whill/SetSpeedProfileResponse.h, /home/cvl/ros_whill_ws/devel/include/ros_whill/SetSpeedProfileResponse.h)
Linked: (/home/cvl/ros_whill_ws/devel/.private/ros_whill/include/ros_whill/SetSpeedProfile.h, /home/cvl/ros_whill_ws/devel/include/ros_whill/SetSpeedProfile.h)
Linked: (/home/cvl/ros_whill_ws/devel/.private/ros_whill/include/ros_whill/SetSpeedProfileRequest.h, /home/cvl/ros_whill_ws/devel/include/ros_whill/SetSpeedProfileRequest.h)
Linked: (/home/cvl/ros_whill_ws/devel/.private/ros_whill/share/roseus/ros/ros_whill/manifest.l, /home/cvl/ros_whill_ws/devel/share/roseus/ros/ros_whill/manifest.l)
Linked: (/home/cvl/ros_whill_ws/devel/.private/ros_whill/share/roseus/ros/ros_whill/srv/SetSpeedProfile.l, /home/cvl/ros_whill_ws/devel/share/roseus/ros/ros_whill/srv/SetSpeedProfile.l)
Linked: (/home/cvl/ros_whill_ws/devel/.private/ros_whill/share/roseus/ros/ros_whill/msg/SpeedPack.l, /home/cvl/ros_whill_ws/devel/share/roseus/ros/ros_whill/msg/SpeedPack.l)
Linked: (/home/cvl/ros_whill_ws/devel/.private/ros_whill/share/gennodejs/ros/ros_whill/_index.js, /home/cvl/ros_whill_ws/devel/share/gennodejs/ros/ros_whill/_index.js)
Linked: (/home/cvl/ros_whill_ws/devel/.private/ros_whill/share/gennodejs/ros/ros_whill/srv/_index.js, /home/cvl/ros_whill_ws/devel/share/gennodejs/ros/ros_whill/srv/_index.js)
Linked: (/home/cvl/ros_whill_ws/devel/.private/ros_whill/share/gennodejs/ros/ros_whill/srv/SetSpeedProfile.js, /home/cvl/ros_whill_ws/devel/share/gennodejs/ros/ros_whill/srv/SetSpeedProfile.js)
Linked: (/home/cvl/ros_whill_ws/devel/.private/ros_whill/share/gennodejs/ros/ros_whill/msg/SpeedPack.js, /home/cvl/ros_whill_ws/devel/share/gennodejs/ros/ros_whill/msg/SpeedPack.js)
Linked: (/home/cvl/ros_whill_ws/devel/.private/ros_whill/share/gennodejs/ros/ros_whill/msg/_index.js, /home/cvl/ros_whill_ws/devel/share/gennodejs/ros/ros_whill/msg/_index.js)
Linked: (/home/cvl/ros_whill_ws/devel/.private/ros_whill/share/ros_whill/cmake/ros_whill-msg-paths.cmake, /home/cvl/ros_whill_ws/devel/share/ros_whill/cmake/ros_whill-msg-paths.cmake)
Linked: (/home/cvl/ros_whill_ws/devel/.private/ros_whill/share/ros_whill/cmake/ros_whillConfig-version.cmake, /home/cvl/ros_whill_ws/devel/share/ros_whill/cmake/ros_whillConfig-version.cmake)
Linked: (/home/cvl/ros_whill_ws/devel/.private/ros_whill/share/ros_whill/cmake/ros_whill-msg-extras.cmake, /home/cvl/ros_whill_ws/devel/share/ros_whill/cmake/ros_whill-msg-extras.cmake)
Linked: (/home/cvl/ros_whill_ws/devel/.private/ros_whill/share/ros_whill/cmake/ros_whillConfig.cmake, /home/cvl/ros_whill_ws/devel/share/ros_whill/cmake/ros_whillConfig.cmake)
Linked: (/home/cvl/ros_whill_ws/devel/.private/ros_whill/share/common-lisp/ros/ros_whill/srv/ros_whill-srv.asd, /home/cvl/ros_whill_ws/devel/share/common-lisp/ros/ros_whill/srv/ros_whill-srv.asd)
Linked: (/home/cvl/ros_whill_ws/devel/.private/ros_whill/share/common-lisp/ros/ros_whill/srv/SetSpeedProfile.lisp, /home/cvl/ros_whill_ws/devel/share/common-lisp/ros/ros_whill/srv/SetSpeedProfile.lisp)
Linked: (/home/cvl/ros_whill_ws/devel/.private/ros_whill/share/common-lisp/ros/ros_whill/srv/_package_SetSpeedProfile.lisp, /home/cvl/ros_whill_ws/devel/share/common-lisp/ros/ros_whill/srv/_package_SetSpeedProfile.lisp)
Linked: (/home/cvl/ros_whill_ws/devel/.private/ros_whill/share/common-lisp/ros/ros_whill/srv/_package.lisp, /home/cvl/ros_whill_ws/devel/share/common-lisp/ros/ros_whill/srv/_package.lisp)
Linked: (/home/cvl/ros_whill_ws/devel/.private/ros_whill/share/common-lisp/ros/ros_whill/msg/_package_SpeedPack.lisp, /home/cvl/ros_whill_ws/devel/share/common-lisp/ros/ros_whill/msg/_package_SpeedPack.lisp)
Linked: (/home/cvl/ros_whill_ws/devel/.private/ros_whill/share/common-lisp/ros/ros_whill/msg/ros_whill-msg.asd, /home/cvl/ros_whill_ws/devel/share/common-lisp/ros/ros_whill/msg/ros_whill-msg.asd)
Linked: (/home/cvl/ros_whill_ws/devel/.private/ros_whill/share/common-lisp/ros/ros_whill/msg/_package.lisp, /home/cvl/ros_whill_ws/devel/share/common-lisp/ros/ros_whill/msg/_package.lisp)
Linked: (/home/cvl/ros_whill_ws/devel/.private/ros_whill/share/common-lisp/ros/ros_whill/msg/SpeedPack.lisp, /home/cvl/ros_whill_ws/devel/share/common-lisp/ros/ros_whill/msg/SpeedPack.lisp)
Linked: (/home/cvl/ros_whill_ws/devel/.private/ros_whill/lib/python3/dist-packages/ros_whill/__init__.py, /home/cvl/ros_whill_ws/devel/lib/python3/dist-packages/ros_whill/__init__.py)
Linked: (/home/cvl/ros_whill_ws/devel/.private/ros_whill/lib/python3/dist-packages/ros_whill/srv/__init__.py, /home/cvl/ros_whill_ws/devel/lib/python3/dist-packages/ros_whill/srv/__init__.py)
Linked: (/home/cvl/ros_whill_ws/devel/.private/ros_whill/lib/python3/dist-packages/ros_whill/srv/_SetSpeedProfile.py, /home/cvl/ros_whill_ws/devel/lib/python3/dist-packages/ros_whill/srv/_SetSpeedProfile.py)
Linked: (/home/cvl/ros_whill_ws/devel/.private/ros_whill/lib/python3/dist-packages/ros_whill/msg/__init__.py, /home/cvl/ros_whill_ws/devel/lib/python3/dist-packages/ros_whill/msg/__init__.py)
Linked: (/home/cvl/ros_whill_ws/devel/.private/ros_whill/lib/python3/dist-packages/ros_whill/msg/_SpeedPack.py, /home/cvl/ros_whill_ws/devel/lib/python3/dist-packages/ros_whill/msg/_SpeedPack.py)
Linked: (/home/cvl/ros_whill_ws/devel/.private/ros_whill/lib/pkgconfig/ros_whill.pc, /home/cvl/ros_whill_ws/devel/lib/pkgconfig/ros_whill.pc)
Linked: (/home/cvl/ros_whill_ws/devel/.private/ros_whill/lib/ros_whill/ros_whill_odom_subscriber, /home/cvl/ros_whill_ws/devel/lib/ros_whill/ros_whill_odom_subscriber)
Linked: (/home/cvl/ros_whill_ws/devel/.private/ros_whill/lib/ros_whill/ros_whill_imu_gps_odom_subscriber, /home/cvl/ros_whill_ws/devel/lib/ros_whill/ros_whill_imu_gps_odom_subscriber)
Linked: (/home/cvl/ros_whill_ws/devel/.private/ros_whill/lib/ros_whill/ros_whill_inved_joy_publisher, /home/cvl/ros_whill_ws/devel/lib/ros_whill/ros_whill_inved_joy_publisher)
Linked: (/home/cvl/ros_whill_ws/devel/.private/ros_whill/lib/ros_whill/ros_whill, /home/cvl/ros_whill_ws/devel/lib/ros_whill/ros_whill)
Linked: (/home/cvl/ros_whill_ws/devel/.private/ros_whill/lib/ros_whill/ros_whill_imu_gps_subscriber, /home/cvl/ros_whill_ws/devel/lib/ros_whill/ros_whill_imu_gps_subscriber)
Linked: (/home/cvl/ros_whill_ws/devel/.private/ros_whill/lib/ros_whill/ros_whill_joy_subscriber, /home/cvl/ros_whill_ws/devel/lib/ros_whill/ros_whill_joy_subscriber)
Linked: (/home/cvl/ros_whill_ws/devel/.private/ros_whill/lib/ros_whill/ros_whill_encoder_subscriber, /home/cvl/ros_whill_ws/devel/lib/ros_whill/ros_whill_encoder_subscriber)
