[  2%] Built target std_msgs_generate_messages_lisp
[  2%] Built target uuid_msgs_generate_messages_lisp
[ 20%] Built target std_msgs_generate_messages_nodejs
[  2%] Built target geographic_msgs_generate_messages_py
[ 20%] Built target std_msgs_generate_messages_py
[ 20%] Built target geographic_msgs_generate_messages_nodejs
[  5%] Built target std_msgs_generate_messages_cpp
[ 20%] Built target lib_whill
[ 20%] Built target uuid_msgs_generate_messages_py
[ 20%] Built target uuid_msgs_generate_messages_nodejs
[ 20%] Built target std_msgs_generate_messages_eus
[ 20%] Built target tf_generate_messages_nodejs
[ 20%] Built target geometry_msgs_generate_messages_eus
[ 20%] Built target actionlib_generate_messages_cpp
[ 20%] Built target tf_generate_messages_eus
[ 20%] Built target geometry_msgs_generate_messages_lisp
[ 20%] Built target rosgraph_msgs_generate_messages_lisp
[ 20%] Built target tf_generate_messages_cpp
[ 20%] Built target tf2_msgs_generate_messages_cpp
[ 20%] Built target actionlib_msgs_generate_messages_eus
[ 20%] Built target _ros_whill_generate_messages_check_deps_SpeedPack
[ 20%] Built target _ros_whill_generate_messages_check_deps_SetSpeedProfile
[ 20%] Built target roscpp_generate_messages_lisp
[ 20%] Built target roscpp_generate_messages_py
[ 20%] Built target roscpp_generate_messages_cpp
[ 20%] Built target _catkin_empty_exported_target
[ 20%] Built target uuid_msgs_generate_messages_cpp
[ 20%] Built target rosgraph_msgs_generate_messages_py
[ 20%] Built target actionlib_generate_messages_lisp
[ 20%] Built target uuid_msgs_generate_messages_eus
[ 20%] Built target roscpp_generate_messages_eus
[ 20%] Built target geometry_msgs_generate_messages_cpp
[ 20%] Built target tf_generate_messages_lisp
[ 20%] Built target actionlib_msgs_generate_messages_py
[ 20%] Built target mavros_msgs_generate_messages_lisp
[ 20%] Built target sensor_msgs_generate_messages_py
[ 20%] Built target roscpp_generate_messages_nodejs
[ 20%] Built target geometry_msgs_generate_messages_nodejs
[ 20%] Built target mavros_msgs_generate_messages_py
[ 20%] Built target sensor_msgs_generate_messages_cpp
[ 20%] Built target geometry_msgs_generate_messages_py
[ 20%] Built target rosgraph_msgs_generate_messages_eus
[ 20%] Built target tf2_msgs_generate_messages_eus
[ 20%] Built target geographic_msgs_generate_messages_lisp
[ 20%] Built target sensor_msgs_generate_messages_eus
[ 20%] Built target sensor_msgs_generate_messages_lisp
[ 20%] Built target sensor_msgs_generate_messages_nodejs
[ 20%] Built target actionlib_generate_messages_eus
[ 20%] Built target rosgraph_msgs_generate_messages_cpp
[ 20%] Built target actionlib_msgs_generate_messages_cpp
[ 20%] Built target mavros_msgs_generate_messages_cpp
[ 20%] Built target tf2_msgs_generate_messages_py
[ 20%] Built target actionlib_generate_messages_nodejs
[ 20%] Built target tf_generate_messages_py
[ 20%] Built target actionlib_generate_messages_py
[ 20%] Built target tf2_msgs_generate_messages_lisp
[ 20%] Built target actionlib_msgs_generate_messages_nodejs
[ 20%] Built target mavros_msgs_generate_messages_eus
[ 20%] Built target actionlib_msgs_generate_messages_lisp
[ 20%] Built target tf2_msgs_generate_messages_nodejs
[ 20%] Built target mavros_msgs_generate_messages_nodejs
[ 20%] Built target rosgraph_msgs_generate_messages_nodejs
[ 20%] Built target geographic_msgs_generate_messages_cpp
[ 20%] Built target geographic_msgs_generate_messages_eus
[ 25%] Built target ros_whill_generate_messages_nodejs
[ 48%] Built target ros_whill_generate_messages_lisp
[ 48%] Built target ros_whill_generate_messages_cpp
[ 48%] Built target ros_whill_generate_messages_py
[ 57%] Built target ros_whill_generate_messages_eus
[35m[1mScanning dependencies of target ros_whill_gps_subscriber[0m
[ 57%] Built target ros_whill_generate_messages
[ 80%] Built target ros_whill_joy_subscriber
[ 80%] Built target ros_whill_inved_joy_publisher
[ 80%] Built target ros_whill_encoder_subscriber
[ 80%] Built target ros_whill_odom_subscriber
[ 94%] Built target ros_whill
[ 97%] [32mBuilding CXX object CMakeFiles/ros_whill_gps_subscriber.dir/src/whill_gps_subscriber.cpp.o[0m
[01m[K/home/cvl/ros_whill_ws/src/ros_whill/src/whill_gps_subscriber.cpp:7:10:[m[K [01;31m[Kfatal error: [m[Kstd_msgs/Float64: ãã®ã‚ˆã†ãªãƒ•ã‚¡ã‚¤ãƒ«ã‚„ãƒ‡ã‚£ãƒ¬ã‚¯ãƒˆãƒªã¯ã‚ã‚Šã¾ã›ã‚“
    7 | #include [01;31m[K<std_msgs/Float64>[m[K
      |          [01;31m[K^~~~~~~~~~~~~~~~~~[m[K
compilation terminated.
make[2]: *** [CMakeFiles/ros_whill_gps_subscriber.dir/build.make:63: CMakeFiles/ros_whill_gps_subscriber.dir/src/whill_gps_subscriber.cpp.o] ã‚¨ãƒ©ãƒ¼ 1
make[1]: *** [CMakeFiles/Makefile2:498: CMakeFiles/ros_whill_gps_subscriber.dir/all] ã‚¨ãƒ©ãƒ¼ 2
make: *** [Makefile:141: all] ã‚¨ãƒ©ãƒ¼ 2
